<?xml version="1.0" encoding="UTF-8"?>
<!-- Generated by org.testng.reporters.JUnitXMLReporter -->
<testsuite hostname="shalini-PC" ignored="0" name="Default test" tests="3" failures="0" timestamp="16 Mar 2018 09:38:29 GMT" time="3.407" errors="0">
  <testcase name="SelectData" time="2.268" classname="database45.DBTest"/>
  <testcase name="insertData" time="0.279" classname="database45.DBTest"/>
  <testcase name="updateData" time="0.398" classname="database45.DBTest"/>
</testsuite> <!-- Default test -->
