<?xml version="1.0" encoding="UTF-8"?>
<testng-results skipped="0" failed="0" ignored="0" total="3" passed="3">
  <reporter-output>
  </reporter-output>
  <suite name="Default suite" duration-ms="3407" started-at="2018-03-16T09:38:25Z" finished-at="2018-03-16T09:38:28Z">
    <groups>
    </groups>
    <test name="Default test" duration-ms="3407" started-at="2018-03-16T09:38:25Z" finished-at="2018-03-16T09:38:28Z">
      <class name="database45.DBTest">
        <test-method status="PASS" signature="SelectData()[pri:0, instance:database45.DBTest@42f93a98]" name="SelectData" duration-ms="2268" started-at="2018-03-16T09:38:25Z" finished-at="2018-03-16T09:38:28Z">
          <reporter-output>
          </reporter-output>
        </test-method> <!-- SelectData -->
        <test-method status="PASS" signature="insertData()[pri:0, instance:database45.DBTest@42f93a98]" name="insertData" duration-ms="279" started-at="2018-03-16T09:38:28Z" finished-at="2018-03-16T09:38:28Z">
          <reporter-output>
          </reporter-output>
        </test-method> <!-- insertData -->
        <test-method status="PASS" signature="updateData()[pri:0, instance:database45.DBTest@42f93a98]" name="updateData" duration-ms="398" started-at="2018-03-16T09:38:28Z" finished-at="2018-03-16T09:38:28Z">
          <reporter-output>
          </reporter-output>
        </test-method> <!-- updateData -->
      </class> <!-- database45.DBTest -->
    </test> <!-- Default test -->
  </suite> <!-- Default suite -->
</testng-results>
